{"C:\\Users\\Lenovo\\Multilingual-File-Manager-Appl\\file-manager-app\\app.js": {"path":"C:\\Users\\Lenovo\\Multilingual-File-Manager-Appl\\file-manager-app\\app.js","statementMap":{"0":{"start":{"line":1,"column":16},"end":{"line":1,"column":34}},"1":{"start":{"line":2,"column":15},"end":{"line":2,"column":34}},"2":{"start":{"line":3,"column":17},"end":{"line":3,"column":36}},"3":{"start":{"line":4,"column":22},"end":{"line":4,"column":56}},"4":{"start":{"line":5,"column":14},"end":{"line":5,"column":39}},"5":{"start":{"line":6,"column":16},"end":{"line":6,"column":42}},"6":{"start":{"line":7,"column":19},"end":{"line":7,"column":41}},"7":{"start":{"line":8,"column":16},"end":{"line":8,"column":34}},"8":{"start":{"line":9,"column":26},"end":{"line":9,"column":63}},"9":{"start":{"line":10,"column":16},"end":{"line":10,"column":50}},"10":{"start":{"line":11,"column":14},"end":{"line":11,"column":29}},"11":{"start":{"line":12,"column":13},"end":{"line":12,"column":28}},"12":{"start":{"line":13,"column":15},"end":{"line":13,"column":32}},"13":{"start":{"line":14,"column":11},"end":{"line":14,"column":24}},"14":{"start":{"line":17,"column":12},"end":{"line":17,"column":21}},"15":{"start":{"line":20,"column":0},"end":{"line":20,"column":27}},"16":{"start":{"line":21,"column":0},"end":{"line":21,"column":51}},"17":{"start":{"line":24,"column":0},"end":{"line":24,"column":56}},"18":{"start":{"line":27,"column":11},"end":{"line":32,"column":2}},"19":{"start":{"line":35,"column":0},"end":{"line":40,"column":4}},"20":{"start":{"line":41,"column":0},"end":{"line":41,"column":31}},"21":{"start":{"line":42,"column":0},"end":{"line":42,"column":28}},"22":{"start":{"line":45,"column":0},"end":{"line":66,"column":3}},"23":{"start":{"line":47,"column":8},"end":{"line":64,"column":9}},"24":{"start":{"line":48,"column":27},"end":{"line":48,"column":95}},"25":{"start":{"line":49,"column":12},"end":{"line":52,"column":13}},"26":{"start":{"line":50,"column":16},"end":{"line":50,"column":51}},"27":{"start":{"line":51,"column":16},"end":{"line":51,"column":77}},"28":{"start":{"line":53,"column":25},"end":{"line":53,"column":32}},"29":{"start":{"line":54,"column":26},"end":{"line":54,"column":71}},"30":{"start":{"line":55,"column":12},"end":{"line":58,"column":13}},"31":{"start":{"line":56,"column":16},"end":{"line":56,"column":51}},"32":{"start":{"line":57,"column":16},"end":{"line":57,"column":77}},"33":{"start":{"line":59,"column":12},"end":{"line":59,"column":53}},"34":{"start":{"line":60,"column":12},"end":{"line":60,"column":36}},"35":{"start":{"line":62,"column":12},"end":{"line":62,"column":61}},"36":{"start":{"line":63,"column":12},"end":{"line":63,"column":29}},"37":{"start":{"line":68,"column":0},"end":{"line":70,"column":3}},"38":{"start":{"line":69,"column":4},"end":{"line":69,"column":24}},"39":{"start":{"line":72,"column":0},"end":{"line":82,"column":3}},"40":{"start":{"line":73,"column":4},"end":{"line":81,"column":5}},"41":{"start":{"line":74,"column":23},"end":{"line":74,"column":79}},"42":{"start":{"line":75,"column":8},"end":{"line":77,"column":9}},"43":{"start":{"line":76,"column":12},"end":{"line":76,"column":37}},"44":{"start":{"line":78,"column":8},"end":{"line":78,"column":28}},"45":{"start":{"line":80,"column":8},"end":{"line":80,"column":18}},"46":{"start":{"line":86,"column":4},"end":{"line":88,"column":5}},"47":{"start":{"line":87,"column":8},"end":{"line":87,"column":22}},"48":{"start":{"line":89,"column":4},"end":{"line":89,"column":27}},"49":{"start":{"line":93,"column":0},"end":{"line":95,"column":3}},"50":{"start":{"line":94,"column":4},"end":{"line":94,"column":63}},"51":{"start":{"line":98,"column":0},"end":{"line":109,"column":3}},"52":{"start":{"line":99,"column":4},"end":{"line":108,"column":23}},"53":{"start":{"line":100,"column":8},"end":{"line":100,"column":34}},"54":{"start":{"line":100,"column":17},"end":{"line":100,"column":34}},"55":{"start":{"line":101,"column":8},"end":{"line":103,"column":9}},"56":{"start":{"line":102,"column":12},"end":{"line":102,"column":42}},"57":{"start":{"line":104,"column":8},"end":{"line":107,"column":11}},"58":{"start":{"line":105,"column":12},"end":{"line":105,"column":38}},"59":{"start":{"line":105,"column":21},"end":{"line":105,"column":38}},"60":{"start":{"line":106,"column":12},"end":{"line":106,"column":46}},"61":{"start":{"line":112,"column":0},"end":{"line":114,"column":3}},"62":{"start":{"line":113,"column":4},"end":{"line":113,"column":43}},"63":{"start":{"line":117,"column":0},"end":{"line":122,"column":3}},"64":{"start":{"line":118,"column":35},"end":{"line":118,"column":43}},"65":{"start":{"line":119,"column":27},"end":{"line":119,"column":58}},"66":{"start":{"line":120,"column":4},"end":{"line":120,"column":103}},"67":{"start":{"line":121,"column":4},"end":{"line":121,"column":32}},"68":{"start":{"line":125,"column":0},"end":{"line":138,"column":7}},"69":{"start":{"line":140,"column":0},"end":{"line":140,"column":43}},"70":{"start":{"line":143,"column":0},"end":{"line":145,"column":3}},"71":{"start":{"line":144,"column":4},"end":{"line":144,"column":31}},"72":{"start":{"line":148,"column":18},"end":{"line":153,"column":2}},"73":{"start":{"line":155,"column":0},"end":{"line":159,"column":3}},"74":{"start":{"line":156,"column":21},"end":{"line":156,"column":29}},"75":{"start":{"line":158,"column":4},"end":{"line":158,"column":44}},"76":{"start":{"line":162,"column":16},"end":{"line":177,"column":2}},"77":{"start":{"line":164,"column":8},"end":{"line":167,"column":9}},"78":{"start":{"line":165,"column":12},"end":{"line":165,"column":66}},"79":{"start":{"line":166,"column":12},"end":{"line":166,"column":59}},"80":{"start":{"line":168,"column":20},"end":{"line":168,"column":44}},"81":{"start":{"line":169,"column":8},"end":{"line":171,"column":9}},"82":{"start":{"line":170,"column":12},"end":{"line":170,"column":51}},"83":{"start":{"line":172,"column":8},"end":{"line":172,"column":22}},"84":{"start":{"line":175,"column":8},"end":{"line":175,"column":63}},"85":{"start":{"line":178,"column":15},"end":{"line":178,"column":34}},"86":{"start":{"line":181,"column":0},"end":{"line":201,"column":3}},"87":{"start":{"line":182,"column":4},"end":{"line":182,"column":36}},"88":{"start":{"line":183,"column":4},"end":{"line":186,"column":5}},"89":{"start":{"line":184,"column":8},"end":{"line":184,"column":40}},"90":{"start":{"line":185,"column":8},"end":{"line":185,"column":56}},"91":{"start":{"line":188,"column":55},"end":{"line":188,"column":63}},"92":{"start":{"line":189,"column":4},"end":{"line":200,"column":5}},"93":{"start":{"line":190,"column":8},"end":{"line":190,"column":52}},"94":{"start":{"line":191,"column":8},"end":{"line":193,"column":11}},"95":{"start":{"line":194,"column":8},"end":{"line":194,"column":42}},"96":{"start":{"line":195,"column":8},"end":{"line":195,"column":63}},"97":{"start":{"line":196,"column":8},"end":{"line":196,"column":60}},"98":{"start":{"line":198,"column":8},"end":{"line":198,"column":64}},"99":{"start":{"line":199,"column":8},"end":{"line":199,"column":45}},"100":{"start":{"line":204,"column":0},"end":{"line":213,"column":3}},"101":{"start":{"line":205,"column":4},"end":{"line":212,"column":5}},"102":{"start":{"line":206,"column":8},"end":{"line":206,"column":63}},"103":{"start":{"line":207,"column":23},"end":{"line":207,"column":93}},"104":{"start":{"line":208,"column":8},"end":{"line":208,"column":23}},"105":{"start":{"line":210,"column":8},"end":{"line":210,"column":50}},"106":{"start":{"line":211,"column":8},"end":{"line":211,"column":45}},"107":{"start":{"line":216,"column":0},"end":{"line":235,"column":3}},"108":{"start":{"line":217,"column":19},"end":{"line":217,"column":29}},"109":{"start":{"line":218,"column":21},"end":{"line":218,"column":29}},"110":{"start":{"line":220,"column":4},"end":{"line":234,"column":5}},"111":{"start":{"line":221,"column":8},"end":{"line":221,"column":52}},"112":{"start":{"line":222,"column":25},"end":{"line":222,"column":93}},"113":{"start":{"line":224,"column":8},"end":{"line":227,"column":9}},"114":{"start":{"line":225,"column":12},"end":{"line":225,"column":56}},"115":{"start":{"line":226,"column":12},"end":{"line":226,"column":58}},"116":{"start":{"line":229,"column":8},"end":{"line":229,"column":61}},"117":{"start":{"line":230,"column":8},"end":{"line":230,"column":58}},"118":{"start":{"line":232,"column":8},"end":{"line":232,"column":54}},"119":{"start":{"line":233,"column":8},"end":{"line":233,"column":45}},"120":{"start":{"line":238,"column":0},"end":{"line":254,"column":3}},"121":{"start":{"line":239,"column":19},"end":{"line":239,"column":29}},"122":{"start":{"line":240,"column":4},"end":{"line":253,"column":5}},"123":{"start":{"line":241,"column":23},"end":{"line":241,"column":79}},"124":{"start":{"line":242,"column":8},"end":{"line":249,"column":9}},"125":{"start":{"line":243,"column":25},"end":{"line":243,"column":32}},"126":{"start":{"line":244,"column":12},"end":{"line":244,"column":92}},"127":{"start":{"line":245,"column":12},"end":{"line":245,"column":67}},"128":{"start":{"line":246,"column":12},"end":{"line":246,"column":37}},"129":{"start":{"line":248,"column":12},"end":{"line":248,"column":51}},"130":{"start":{"line":251,"column":8},"end":{"line":251,"column":49}},"131":{"start":{"line":252,"column":8},"end":{"line":252,"column":45}},"132":{"start":{"line":257,"column":0},"end":{"line":262,"column":1}},"133":{"start":{"line":258,"column":17},"end":{"line":258,"column":41}},"134":{"start":{"line":259,"column":4},"end":{"line":261,"column":7}},"135":{"start":{"line":260,"column":8},"end":{"line":260,"column":57}},"136":{"start":{"line":264,"column":0},"end":{"line":264,"column":21}}},"fnMap":{"0":{"name":"(anonymous_0)","decl":{"start":{"line":46,"column":4},"end":{"line":46,"column":5}},"loc":{"start":{"line":46,"column":40},"end":{"line":65,"column":5}},"line":46},"1":{"name":"(anonymous_1)","decl":{"start":{"line":68,"column":23},"end":{"line":68,"column":24}},"loc":{"start":{"line":68,"column":39},"end":{"line":70,"column":1}},"line":68},"2":{"name":"(anonymous_2)","decl":{"start":{"line":72,"column":25},"end":{"line":72,"column":26}},"loc":{"start":{"line":72,"column":45},"end":{"line":82,"column":1}},"line":72},"3":{"name":"ensureAuthenticated","decl":{"start":{"line":85,"column":9},"end":{"line":85,"column":28}},"loc":{"start":{"line":85,"column":45},"end":{"line":90,"column":1}},"line":85},"4":{"name":"(anonymous_4)","decl":{"start":{"line":93,"column":18},"end":{"line":93,"column":19}},"loc":{"start":{"line":93,"column":32},"end":{"line":95,"column":1}},"line":93},"5":{"name":"(anonymous_5)","decl":{"start":{"line":98,"column":19},"end":{"line":98,"column":20}},"loc":{"start":{"line":98,"column":39},"end":{"line":109,"column":1}},"line":98},"6":{"name":"(anonymous_6)","decl":{"start":{"line":99,"column":35},"end":{"line":99,"column":36}},"loc":{"start":{"line":99,"column":56},"end":{"line":108,"column":5}},"line":99},"7":{"name":"(anonymous_7)","decl":{"start":{"line":104,"column":24},"end":{"line":104,"column":25}},"loc":{"start":{"line":104,"column":33},"end":{"line":107,"column":9}},"line":104},"8":{"name":"(anonymous_8)","decl":{"start":{"line":112,"column":43},"end":{"line":112,"column":44}},"loc":{"start":{"line":112,"column":57},"end":{"line":114,"column":1}},"line":112},"9":{"name":"(anonymous_9)","decl":{"start":{"line":117,"column":22},"end":{"line":117,"column":23}},"loc":{"start":{"line":117,"column":42},"end":{"line":122,"column":1}},"line":117},"10":{"name":"(anonymous_10)","decl":{"start":{"line":143,"column":20},"end":{"line":143,"column":21}},"loc":{"start":{"line":143,"column":34},"end":{"line":145,"column":1}},"line":143},"11":{"name":"(anonymous_11)","decl":{"start":{"line":155,"column":18},"end":{"line":155,"column":19}},"loc":{"start":{"line":155,"column":33},"end":{"line":159,"column":1}},"line":155},"12":{"name":"(anonymous_12)","decl":{"start":{"line":163,"column":17},"end":{"line":163,"column":18}},"loc":{"start":{"line":163,"column":36},"end":{"line":173,"column":5}},"line":163},"13":{"name":"(anonymous_13)","decl":{"start":{"line":174,"column":14},"end":{"line":174,"column":15}},"loc":{"start":{"line":174,"column":33},"end":{"line":176,"column":5}},"line":174},"14":{"name":"(anonymous_14)","decl":{"start":{"line":181,"column":64},"end":{"line":181,"column":65}},"loc":{"start":{"line":181,"column":84},"end":{"line":201,"column":1}},"line":181},"15":{"name":"(anonymous_15)","decl":{"start":{"line":204,"column":39},"end":{"line":204,"column":40}},"loc":{"start":{"line":204,"column":59},"end":{"line":213,"column":1}},"line":204},"16":{"name":"(anonymous_16)","decl":{"start":{"line":216,"column":43},"end":{"line":216,"column":44}},"loc":{"start":{"line":216,"column":63},"end":{"line":235,"column":1}},"line":216},"17":{"name":"(anonymous_17)","decl":{"start":{"line":238,"column":46},"end":{"line":238,"column":47}},"loc":{"start":{"line":238,"column":66},"end":{"line":254,"column":1}},"line":238},"18":{"name":"(anonymous_18)","decl":{"start":{"line":259,"column":21},"end":{"line":259,"column":22}},"loc":{"start":{"line":259,"column":27},"end":{"line":261,"column":5}},"line":259}},"branchMap":{"0":{"loc":{"start":{"line":49,"column":12},"end":{"line":52,"column":13}},"type":"if","locations":[{"start":{"line":49,"column":12},"end":{"line":52,"column":13}},{"start":{},"end":{}}],"line":49},"1":{"loc":{"start":{"line":55,"column":12},"end":{"line":58,"column":13}},"type":"if","locations":[{"start":{"line":55,"column":12},"end":{"line":58,"column":13}},{"start":{},"end":{}}],"line":55},"2":{"loc":{"start":{"line":75,"column":8},"end":{"line":77,"column":9}},"type":"if","locations":[{"start":{"line":75,"column":8},"end":{"line":77,"column":9}},{"start":{},"end":{}}],"line":75},"3":{"loc":{"start":{"line":86,"column":4},"end":{"line":88,"column":5}},"type":"if","locations":[{"start":{"line":86,"column":4},"end":{"line":88,"column":5}},{"start":{},"end":{}}],"line":86},"4":{"loc":{"start":{"line":100,"column":8},"end":{"line":100,"column":34}},"type":"if","locations":[{"start":{"line":100,"column":8},"end":{"line":100,"column":34}},{"start":{},"end":{}}],"line":100},"5":{"loc":{"start":{"line":101,"column":8},"end":{"line":103,"column":9}},"type":"if","locations":[{"start":{"line":101,"column":8},"end":{"line":103,"column":9}},{"start":{},"end":{}}],"line":101},"6":{"loc":{"start":{"line":105,"column":12},"end":{"line":105,"column":38}},"type":"if","locations":[{"start":{"line":105,"column":12},"end":{"line":105,"column":38}},{"start":{},"end":{}}],"line":105},"7":{"loc":{"start":{"line":164,"column":8},"end":{"line":167,"column":9}},"type":"if","locations":[{"start":{"line":164,"column":8},"end":{"line":167,"column":9}},{"start":{},"end":{}}],"line":164},"8":{"loc":{"start":{"line":164,"column":12},"end":{"line":164,"column":37}},"type":"binary-expr","locations":[{"start":{"line":164,"column":12},"end":{"line":164,"column":21}},{"start":{"line":164,"column":25},"end":{"line":164,"column":37}}],"line":164},"9":{"loc":{"start":{"line":169,"column":8},"end":{"line":171,"column":9}},"type":"if","locations":[{"start":{"line":169,"column":8},"end":{"line":171,"column":9}},{"start":{},"end":{}}],"line":169},"10":{"loc":{"start":{"line":183,"column":4},"end":{"line":186,"column":5}},"type":"if","locations":[{"start":{"line":183,"column":4},"end":{"line":186,"column":5}},{"start":{},"end":{}}],"line":183},"11":{"loc":{"start":{"line":224,"column":8},"end":{"line":227,"column":9}},"type":"if","locations":[{"start":{"line":224,"column":8},"end":{"line":227,"column":9}},{"start":{},"end":{}}],"line":224},"12":{"loc":{"start":{"line":242,"column":8},"end":{"line":249,"column":9}},"type":"if","locations":[{"start":{"line":242,"column":8},"end":{"line":249,"column":9}},{"start":{"line":247,"column":15},"end":{"line":249,"column":9}}],"line":242},"13":{"loc":{"start":{"line":257,"column":0},"end":{"line":262,"column":1}},"type":"if","locations":[{"start":{"line":257,"column":0},"end":{"line":262,"column":1}},{"start":{},"end":{}}],"line":257},"14":{"loc":{"start":{"line":258,"column":17},"end":{"line":258,"column":41}},"type":"binary-expr","locations":[{"start":{"line":258,"column":17},"end":{"line":258,"column":33}},{"start":{"line":258,"column":37},"end":{"line":258,"column":41}}],"line":258}},"s":{"0":3,"1":3,"2":3,"3":3,"4":3,"5":3,"6":3,"7":3,"8":3,"9":3,"10":3,"11":3,"12":3,"13":3,"14":3,"15":3,"16":3,"17":3,"18":3,"19":3,"20":3,"21":3,"22":3,"23":2,"24":2,"25":2,"26":0,"27":0,"28":2,"29":2,"30":2,"31":0,"32":0,"33":2,"34":2,"35":0,"36":0,"37":3,"38":2,"39":3,"40":3,"41":3,"42":3,"43":0,"44":3,"45":0,"46":3,"47":3,"48":0,"49":3,"50":0,"51":3,"52":2,"53":2,"54":0,"55":2,"56":0,"57":2,"58":2,"59":0,"60":2,"61":3,"62":0,"63":3,"64":2,"65":2,"66":2,"67":2,"68":3,"69":3,"70":3,"71":2,"72":3,"73":3,"74":0,"75":0,"76":3,"77":0,"78":0,"79":0,"80":0,"81":0,"82":0,"83":0,"84":0,"85":3,"86":3,"87":0,"88":0,"89":0,"90":0,"91":0,"92":0,"93":0,"94":0,"95":0,"96":0,"97":0,"98":0,"99":0,"100":3,"101":1,"102":1,"103":1,"104":1,"105":0,"106":0,"107":3,"108":1,"109":1,"110":1,"111":1,"112":1,"113":1,"114":1,"115":1,"116":0,"117":0,"118":0,"119":0,"120":3,"121":1,"122":1,"123":1,"124":1,"125":0,"126":0,"127":0,"128":0,"129":1,"130":0,"131":0,"132":3,"133":0,"134":0,"135":0,"136":3},"f":{"0":2,"1":2,"2":3,"3":3,"4":0,"5":2,"6":2,"7":2,"8":0,"9":2,"10":2,"11":0,"12":0,"13":0,"14":0,"15":1,"16":1,"17":1,"18":0},"b":{"0":[0,2],"1":[0,2],"2":[0,3],"3":[3,0],"4":[0,2],"5":[0,2],"6":[0,2],"7":[0,0],"8":[0,0],"9":[0,0],"10":[0,0],"11":[1,0],"12":[0,1],"13":[0,3],"14":[0,0]},"_coverageSchema":"1a1c01bbd47fc00a2c39e90264f33305004495a9","hash":"94bbc691c67901a3a256538990d493d9b7db86db"}
}
