{"C:\\Users\\Lenovo\\Multilingual-File-Manager-Appl\\file-manager-app\\app.js": {"path":"C:\\Users\\Lenovo\\Multilingual-File-Manager-Appl\\file-manager-app\\app.js","statementMap":{"0":{"start":{"line":1,"column":16},"end":{"line":1,"column":34}},"1":{"start":{"line":2,"column":15},"end":{"line":2,"column":34}},"2":{"start":{"line":3,"column":17},"end":{"line":3,"column":36}},"3":{"start":{"line":4,"column":22},"end":{"line":4,"column":56}},"4":{"start":{"line":5,"column":14},"end":{"line":5,"column":39}},"5":{"start":{"line":6,"column":16},"end":{"line":6,"column":42}},"6":{"start":{"line":7,"column":19},"end":{"line":7,"column":51}},"7":{"start":{"line":8,"column":25},"end":{"line":8,"column":41}},"8":{"start":{"line":9,"column":19},"end":{"line":9,"column":41}},"9":{"start":{"line":10,"column":16},"end":{"line":10,"column":34}},"10":{"start":{"line":11,"column":26},"end":{"line":11,"column":63}},"11":{"start":{"line":12,"column":16},"end":{"line":12,"column":50}},"12":{"start":{"line":13,"column":14},"end":{"line":13,"column":29}},"13":{"start":{"line":14,"column":13},"end":{"line":14,"column":28}},"14":{"start":{"line":15,"column":15},"end":{"line":15,"column":32}},"15":{"start":{"line":16,"column":11},"end":{"line":16,"column":24}},"16":{"start":{"line":19,"column":12},"end":{"line":19,"column":21}},"17":{"start":{"line":22,"column":0},"end":{"line":22,"column":27}},"18":{"start":{"line":23,"column":0},"end":{"line":23,"column":51}},"19":{"start":{"line":26,"column":11},"end":{"line":31,"column":2}},"20":{"start":{"line":34,"column":20},"end":{"line":36,"column":2}},"21":{"start":{"line":37,"column":0},"end":{"line":37,"column":82}},"22":{"start":{"line":37,"column":35},"end":{"line":37,"column":80}},"23":{"start":{"line":40,"column":0},"end":{"line":46,"column":4}},"24":{"start":{"line":47,"column":0},"end":{"line":47,"column":31}},"25":{"start":{"line":48,"column":0},"end":{"line":48,"column":28}},"26":{"start":{"line":51,"column":0},"end":{"line":51,"column":56}},"27":{"start":{"line":54,"column":0},"end":{"line":71,"column":3}},"28":{"start":{"line":56,"column":8},"end":{"line":69,"column":9}},"29":{"start":{"line":57,"column":27},"end":{"line":57,"column":95}},"30":{"start":{"line":58,"column":12},"end":{"line":60,"column":13}},"31":{"start":{"line":59,"column":16},"end":{"line":59,"column":77}},"32":{"start":{"line":61,"column":25},"end":{"line":61,"column":32}},"33":{"start":{"line":62,"column":26},"end":{"line":62,"column":71}},"34":{"start":{"line":63,"column":12},"end":{"line":65,"column":13}},"35":{"start":{"line":64,"column":16},"end":{"line":64,"column":77}},"36":{"start":{"line":66,"column":12},"end":{"line":66,"column":36}},"37":{"start":{"line":68,"column":12},"end":{"line":68,"column":29}},"38":{"start":{"line":73,"column":0},"end":{"line":75,"column":3}},"39":{"start":{"line":74,"column":4},"end":{"line":74,"column":24}},"40":{"start":{"line":77,"column":0},"end":{"line":87,"column":3}},"41":{"start":{"line":78,"column":4},"end":{"line":86,"column":5}},"42":{"start":{"line":79,"column":23},"end":{"line":79,"column":79}},"43":{"start":{"line":80,"column":8},"end":{"line":82,"column":9}},"44":{"start":{"line":81,"column":12},"end":{"line":81,"column":37}},"45":{"start":{"line":83,"column":8},"end":{"line":83,"column":28}},"46":{"start":{"line":85,"column":8},"end":{"line":85,"column":18}},"47":{"start":{"line":91,"column":4},"end":{"line":91,"column":46}},"48":{"start":{"line":92,"column":4},"end":{"line":92,"column":49}},"49":{"start":{"line":93,"column":4},"end":{"line":93,"column":49}},"50":{"start":{"line":94,"column":4},"end":{"line":94,"column":41}},"51":{"start":{"line":95,"column":4},"end":{"line":97,"column":5}},"52":{"start":{"line":96,"column":8},"end":{"line":96,"column":22}},"53":{"start":{"line":98,"column":4},"end":{"line":102,"column":5}},"54":{"start":{"line":99,"column":8},"end":{"line":99,"column":36}},"55":{"start":{"line":101,"column":8},"end":{"line":101,"column":68}},"56":{"start":{"line":106,"column":0},"end":{"line":108,"column":3}},"57":{"start":{"line":107,"column":4},"end":{"line":107,"column":63}},"58":{"start":{"line":111,"column":0},"end":{"line":130,"column":3}},"59":{"start":{"line":112,"column":4},"end":{"line":129,"column":23}},"60":{"start":{"line":113,"column":8},"end":{"line":113,"column":34}},"61":{"start":{"line":113,"column":17},"end":{"line":113,"column":34}},"62":{"start":{"line":114,"column":8},"end":{"line":120,"column":9}},"63":{"start":{"line":115,"column":12},"end":{"line":119,"column":13}},"64":{"start":{"line":116,"column":16},"end":{"line":116,"column":51}},"65":{"start":{"line":118,"column":16},"end":{"line":118,"column":91}},"66":{"start":{"line":121,"column":8},"end":{"line":128,"column":11}},"67":{"start":{"line":122,"column":12},"end":{"line":122,"column":38}},"68":{"start":{"line":122,"column":21},"end":{"line":122,"column":38}},"69":{"start":{"line":123,"column":12},"end":{"line":127,"column":13}},"70":{"start":{"line":124,"column":16},"end":{"line":124,"column":55}},"71":{"start":{"line":126,"column":16},"end":{"line":126,"column":125}},"72":{"start":{"line":133,"column":0},"end":{"line":139,"column":3}},"73":{"start":{"line":134,"column":4},"end":{"line":138,"column":5}},"74":{"start":{"line":135,"column":8},"end":{"line":135,"column":71}},"75":{"start":{"line":137,"column":8},"end":{"line":137,"column":127}},"76":{"start":{"line":142,"column":0},"end":{"line":151,"column":3}},"77":{"start":{"line":143,"column":35},"end":{"line":143,"column":43}},"78":{"start":{"line":144,"column":27},"end":{"line":144,"column":58}},"79":{"start":{"line":145,"column":4},"end":{"line":145,"column":103}},"80":{"start":{"line":146,"column":4},"end":{"line":150,"column":5}},"81":{"start":{"line":147,"column":8},"end":{"line":147,"column":36}},"82":{"start":{"line":149,"column":8},"end":{"line":149,"column":74}},"83":{"start":{"line":154,"column":0},"end":{"line":167,"column":7}},"84":{"start":{"line":169,"column":0},"end":{"line":169,"column":43}},"85":{"start":{"line":172,"column":0},"end":{"line":174,"column":3}},"86":{"start":{"line":173,"column":4},"end":{"line":173,"column":31}},"87":{"start":{"line":177,"column":18},"end":{"line":182,"column":2}},"88":{"start":{"line":184,"column":0},"end":{"line":187,"column":3}},"89":{"start":{"line":185,"column":21},"end":{"line":185,"column":29}},"90":{"start":{"line":186,"column":4},"end":{"line":186,"column":44}},"91":{"start":{"line":190,"column":16},"end":{"line":204,"column":2}},"92":{"start":{"line":192,"column":8},"end":{"line":194,"column":9}},"93":{"start":{"line":193,"column":12},"end":{"line":193,"column":59}},"94":{"start":{"line":195,"column":20},"end":{"line":195,"column":44}},"95":{"start":{"line":196,"column":8},"end":{"line":198,"column":9}},"96":{"start":{"line":197,"column":12},"end":{"line":197,"column":51}},"97":{"start":{"line":199,"column":8},"end":{"line":199,"column":22}},"98":{"start":{"line":202,"column":8},"end":{"line":202,"column":63}},"99":{"start":{"line":205,"column":15},"end":{"line":205,"column":34}},"100":{"start":{"line":208,"column":0},"end":{"line":225,"column":3}},"101":{"start":{"line":209,"column":4},"end":{"line":211,"column":5}},"102":{"start":{"line":210,"column":8},"end":{"line":210,"column":69}},"103":{"start":{"line":213,"column":55},"end":{"line":213,"column":63}},"104":{"start":{"line":214,"column":4},"end":{"line":224,"column":5}},"105":{"start":{"line":215,"column":8},"end":{"line":215,"column":75}},"106":{"start":{"line":216,"column":8},"end":{"line":218,"column":11}},"107":{"start":{"line":219,"column":8},"end":{"line":219,"column":42}},"108":{"start":{"line":220,"column":8},"end":{"line":220,"column":92}},"109":{"start":{"line":222,"column":8},"end":{"line":222,"column":52}},"110":{"start":{"line":223,"column":8},"end":{"line":223,"column":65}},"111":{"start":{"line":228,"column":0},"end":{"line":238,"column":3}},"112":{"start":{"line":229,"column":4},"end":{"line":237,"column":5}},"113":{"start":{"line":230,"column":8},"end":{"line":230,"column":62}},"114":{"start":{"line":231,"column":23},"end":{"line":231,"column":93}},"115":{"start":{"line":232,"column":8},"end":{"line":232,"column":44}},"116":{"start":{"line":233,"column":8},"end":{"line":233,"column":35}},"117":{"start":{"line":235,"column":8},"end":{"line":235,"column":52}},"118":{"start":{"line":236,"column":8},"end":{"line":236,"column":58}},"119":{"start":{"line":241,"column":0},"end":{"line":254,"column":3}},"120":{"start":{"line":242,"column":19},"end":{"line":242,"column":29}},"121":{"start":{"line":243,"column":21},"end":{"line":243,"column":29}},"122":{"start":{"line":245,"column":4},"end":{"line":253,"column":5}},"123":{"start":{"line":246,"column":25},"end":{"line":246,"column":93}},"124":{"start":{"line":247,"column":8},"end":{"line":249,"column":9}},"125":{"start":{"line":248,"column":12},"end":{"line":248,"column":71}},"126":{"start":{"line":250,"column":8},"end":{"line":250,"column":83}},"127":{"start":{"line":252,"column":8},"end":{"line":252,"column":58}},"128":{"start":{"line":257,"column":0},"end":{"line":277,"column":3}},"129":{"start":{"line":258,"column":19},"end":{"line":258,"column":29}},"130":{"start":{"line":259,"column":4},"end":{"line":276,"column":5}},"131":{"start":{"line":260,"column":23},"end":{"line":260,"column":79}},"132":{"start":{"line":261,"column":8},"end":{"line":273,"column":9}},"133":{"start":{"line":262,"column":25},"end":{"line":262,"column":32}},"134":{"start":{"line":263,"column":29},"end":{"line":263,"column":93}},"135":{"start":{"line":264,"column":12},"end":{"line":270,"column":13}},"136":{"start":{"line":265,"column":16},"end":{"line":265,"column":40}},"137":{"start":{"line":266,"column":16},"end":{"line":266,"column":71}},"138":{"start":{"line":267,"column":16},"end":{"line":267,"column":66}},"139":{"start":{"line":269,"column":16},"end":{"line":269,"column":73}},"140":{"start":{"line":272,"column":12},"end":{"line":272,"column":76}},"141":{"start":{"line":275,"column":8},"end":{"line":275,"column":58}},"142":{"start":{"line":280,"column":0},"end":{"line":282,"column":3}},"143":{"start":{"line":281,"column":4},"end":{"line":281,"column":63}},"144":{"start":{"line":284,"column":0},"end":{"line":286,"column":3}},"145":{"start":{"line":285,"column":4},"end":{"line":285,"column":66}},"146":{"start":{"line":288,"column":0},"end":{"line":290,"column":3}},"147":{"start":{"line":289,"column":4},"end":{"line":289,"column":64}},"148":{"start":{"line":292,"column":0},"end":{"line":294,"column":3}},"149":{"start":{"line":293,"column":4},"end":{"line":293,"column":63}},"150":{"start":{"line":296,"column":0},"end":{"line":298,"column":3}},"151":{"start":{"line":297,"column":4},"end":{"line":297,"column":69}},"152":{"start":{"line":301,"column":0},"end":{"line":312,"column":3}},"153":{"start":{"line":302,"column":4},"end":{"line":311,"column":7}},"154":{"start":{"line":303,"column":8},"end":{"line":305,"column":9}},"155":{"start":{"line":304,"column":12},"end":{"line":304,"column":29}},"156":{"start":{"line":306,"column":8},"end":{"line":310,"column":9}},"157":{"start":{"line":307,"column":12},"end":{"line":307,"column":40}},"158":{"start":{"line":309,"column":12},"end":{"line":309,"column":67}},"159":{"start":{"line":315,"column":0},"end":{"line":320,"column":1}},"160":{"start":{"line":316,"column":17},"end":{"line":316,"column":41}},"161":{"start":{"line":317,"column":4},"end":{"line":319,"column":7}},"162":{"start":{"line":318,"column":8},"end":{"line":318,"column":57}},"163":{"start":{"line":322,"column":0},"end":{"line":322,"column":21}}},"fnMap":{"0":{"name":"(anonymous_0)","decl":{"start":{"line":37,"column":28},"end":{"line":37,"column":29}},"loc":{"start":{"line":37,"column":35},"end":{"line":37,"column":80}},"line":37},"1":{"name":"(anonymous_1)","decl":{"start":{"line":55,"column":4},"end":{"line":55,"column":5}},"loc":{"start":{"line":55,"column":40},"end":{"line":70,"column":5}},"line":55},"2":{"name":"(anonymous_2)","decl":{"start":{"line":73,"column":23},"end":{"line":73,"column":24}},"loc":{"start":{"line":73,"column":39},"end":{"line":75,"column":1}},"line":73},"3":{"name":"(anonymous_3)","decl":{"start":{"line":77,"column":25},"end":{"line":77,"column":26}},"loc":{"start":{"line":77,"column":45},"end":{"line":87,"column":1}},"line":77},"4":{"name":"ensureAuthenticated","decl":{"start":{"line":90,"column":9},"end":{"line":90,"column":28}},"loc":{"start":{"line":90,"column":45},"end":{"line":103,"column":1}},"line":90},"5":{"name":"(anonymous_5)","decl":{"start":{"line":106,"column":23},"end":{"line":106,"column":24}},"loc":{"start":{"line":106,"column":37},"end":{"line":108,"column":1}},"line":106},"6":{"name":"(anonymous_6)","decl":{"start":{"line":111,"column":19},"end":{"line":111,"column":20}},"loc":{"start":{"line":111,"column":39},"end":{"line":130,"column":1}},"line":111},"7":{"name":"(anonymous_7)","decl":{"start":{"line":112,"column":35},"end":{"line":112,"column":36}},"loc":{"start":{"line":112,"column":56},"end":{"line":129,"column":5}},"line":112},"8":{"name":"(anonymous_8)","decl":{"start":{"line":121,"column":24},"end":{"line":121,"column":25}},"loc":{"start":{"line":121,"column":33},"end":{"line":128,"column":9}},"line":121},"9":{"name":"(anonymous_9)","decl":{"start":{"line":133,"column":48},"end":{"line":133,"column":49}},"loc":{"start":{"line":133,"column":62},"end":{"line":139,"column":1}},"line":133},"10":{"name":"(anonymous_10)","decl":{"start":{"line":142,"column":22},"end":{"line":142,"column":23}},"loc":{"start":{"line":142,"column":42},"end":{"line":151,"column":1}},"line":142},"11":{"name":"(anonymous_11)","decl":{"start":{"line":172,"column":20},"end":{"line":172,"column":21}},"loc":{"start":{"line":172,"column":34},"end":{"line":174,"column":1}},"line":172},"12":{"name":"(anonymous_12)","decl":{"start":{"line":184,"column":18},"end":{"line":184,"column":19}},"loc":{"start":{"line":184,"column":33},"end":{"line":187,"column":1}},"line":184},"13":{"name":"(anonymous_13)","decl":{"start":{"line":191,"column":17},"end":{"line":191,"column":18}},"loc":{"start":{"line":191,"column":36},"end":{"line":200,"column":5}},"line":191},"14":{"name":"(anonymous_14)","decl":{"start":{"line":201,"column":14},"end":{"line":201,"column":15}},"loc":{"start":{"line":201,"column":33},"end":{"line":203,"column":5}},"line":201},"15":{"name":"(anonymous_15)","decl":{"start":{"line":208,"column":64},"end":{"line":208,"column":65}},"loc":{"start":{"line":208,"column":84},"end":{"line":225,"column":1}},"line":208},"16":{"name":"(anonymous_16)","decl":{"start":{"line":228,"column":39},"end":{"line":228,"column":40}},"loc":{"start":{"line":228,"column":59},"end":{"line":238,"column":1}},"line":228},"17":{"name":"(anonymous_17)","decl":{"start":{"line":241,"column":43},"end":{"line":241,"column":44}},"loc":{"start":{"line":241,"column":63},"end":{"line":254,"column":1}},"line":241},"18":{"name":"(anonymous_18)","decl":{"start":{"line":257,"column":46},"end":{"line":257,"column":47}},"loc":{"start":{"line":257,"column":66},"end":{"line":277,"column":1}},"line":257},"19":{"name":"(anonymous_19)","decl":{"start":{"line":280,"column":13},"end":{"line":280,"column":14}},"loc":{"start":{"line":280,"column":27},"end":{"line":282,"column":1}},"line":280},"20":{"name":"(anonymous_20)","decl":{"start":{"line":284,"column":26},"end":{"line":284,"column":27}},"loc":{"start":{"line":284,"column":40},"end":{"line":286,"column":1}},"line":284},"21":{"name":"(anonymous_21)","decl":{"start":{"line":288,"column":45},"end":{"line":288,"column":46}},"loc":{"start":{"line":288,"column":59},"end":{"line":290,"column":1}},"line":288},"22":{"name":"(anonymous_22)","decl":{"start":{"line":292,"column":44},"end":{"line":292,"column":45}},"loc":{"start":{"line":292,"column":58},"end":{"line":294,"column":1}},"line":292},"23":{"name":"(anonymous_23)","decl":{"start":{"line":296,"column":50},"end":{"line":296,"column":51}},"loc":{"start":{"line":296,"column":64},"end":{"line":298,"column":1}},"line":296},"24":{"name":"(anonymous_24)","decl":{"start":{"line":301,"column":20},"end":{"line":301,"column":21}},"loc":{"start":{"line":301,"column":40},"end":{"line":312,"column":1}},"line":301},"25":{"name":"(anonymous_25)","decl":{"start":{"line":302,"column":15},"end":{"line":302,"column":16}},"loc":{"start":{"line":302,"column":29},"end":{"line":311,"column":5}},"line":302},"26":{"name":"(anonymous_26)","decl":{"start":{"line":317,"column":21},"end":{"line":317,"column":22}},"loc":{"start":{"line":317,"column":27},"end":{"line":319,"column":5}},"line":317}},"branchMap":{"0":{"loc":{"start":{"line":58,"column":12},"end":{"line":60,"column":13}},"type":"if","locations":[{"start":{"line":58,"column":12},"end":{"line":60,"column":13}},{"start":{},"end":{}}],"line":58},"1":{"loc":{"start":{"line":63,"column":12},"end":{"line":65,"column":13}},"type":"if","locations":[{"start":{"line":63,"column":12},"end":{"line":65,"column":13}},{"start":{},"end":{}}],"line":63},"2":{"loc":{"start":{"line":80,"column":8},"end":{"line":82,"column":9}},"type":"if","locations":[{"start":{"line":80,"column":8},"end":{"line":82,"column":9}},{"start":{},"end":{}}],"line":80},"3":{"loc":{"start":{"line":95,"column":4},"end":{"line":97,"column":5}},"type":"if","locations":[{"start":{"line":95,"column":4},"end":{"line":97,"column":5}},{"start":{},"end":{}}],"line":95},"4":{"loc":{"start":{"line":98,"column":4},"end":{"line":102,"column":5}},"type":"if","locations":[{"start":{"line":98,"column":4},"end":{"line":102,"column":5}},{"start":{"line":100,"column":11},"end":{"line":102,"column":5}}],"line":98},"5":{"loc":{"start":{"line":113,"column":8},"end":{"line":113,"column":34}},"type":"if","locations":[{"start":{"line":113,"column":8},"end":{"line":113,"column":34}},{"start":{},"end":{}}],"line":113},"6":{"loc":{"start":{"line":114,"column":8},"end":{"line":120,"column":9}},"type":"if","locations":[{"start":{"line":114,"column":8},"end":{"line":120,"column":9}},{"start":{},"end":{}}],"line":114},"7":{"loc":{"start":{"line":115,"column":12},"end":{"line":119,"column":13}},"type":"if","locations":[{"start":{"line":115,"column":12},"end":{"line":119,"column":13}},{"start":{"line":117,"column":19},"end":{"line":119,"column":13}}],"line":115},"8":{"loc":{"start":{"line":122,"column":12},"end":{"line":122,"column":38}},"type":"if","locations":[{"start":{"line":122,"column":12},"end":{"line":122,"column":38}},{"start":{},"end":{}}],"line":122},"9":{"loc":{"start":{"line":123,"column":12},"end":{"line":127,"column":13}},"type":"if","locations":[{"start":{"line":123,"column":12},"end":{"line":127,"column":13}},{"start":{"line":125,"column":19},"end":{"line":127,"column":13}}],"line":123},"10":{"loc":{"start":{"line":134,"column":4},"end":{"line":138,"column":5}},"type":"if","locations":[{"start":{"line":134,"column":4},"end":{"line":138,"column":5}},{"start":{"line":136,"column":11},"end":{"line":138,"column":5}}],"line":134},"11":{"loc":{"start":{"line":146,"column":4},"end":{"line":150,"column":5}},"type":"if","locations":[{"start":{"line":146,"column":4},"end":{"line":150,"column":5}},{"start":{"line":148,"column":11},"end":{"line":150,"column":5}}],"line":146},"12":{"loc":{"start":{"line":192,"column":8},"end":{"line":194,"column":9}},"type":"if","locations":[{"start":{"line":192,"column":8},"end":{"line":194,"column":9}},{"start":{},"end":{}}],"line":192},"13":{"loc":{"start":{"line":192,"column":12},"end":{"line":192,"column":37}},"type":"binary-expr","locations":[{"start":{"line":192,"column":12},"end":{"line":192,"column":21}},{"start":{"line":192,"column":25},"end":{"line":192,"column":37}}],"line":192},"14":{"loc":{"start":{"line":196,"column":8},"end":{"line":198,"column":9}},"type":"if","locations":[{"start":{"line":196,"column":8},"end":{"line":198,"column":9}},{"start":{},"end":{}}],"line":196},"15":{"loc":{"start":{"line":209,"column":4},"end":{"line":211,"column":5}},"type":"if","locations":[{"start":{"line":209,"column":4},"end":{"line":211,"column":5}},{"start":{},"end":{}}],"line":209},"16":{"loc":{"start":{"line":247,"column":8},"end":{"line":249,"column":9}},"type":"if","locations":[{"start":{"line":247,"column":8},"end":{"line":249,"column":9}},{"start":{},"end":{}}],"line":247},"17":{"loc":{"start":{"line":261,"column":8},"end":{"line":273,"column":9}},"type":"if","locations":[{"start":{"line":261,"column":8},"end":{"line":273,"column":9}},{"start":{"line":271,"column":15},"end":{"line":273,"column":9}}],"line":261},"18":{"loc":{"start":{"line":264,"column":12},"end":{"line":270,"column":13}},"type":"if","locations":[{"start":{"line":264,"column":12},"end":{"line":270,"column":13}},{"start":{"line":268,"column":19},"end":{"line":270,"column":13}}],"line":264},"19":{"loc":{"start":{"line":303,"column":8},"end":{"line":305,"column":9}},"type":"if","locations":[{"start":{"line":303,"column":8},"end":{"line":305,"column":9}},{"start":{},"end":{}}],"line":303},"20":{"loc":{"start":{"line":306,"column":8},"end":{"line":310,"column":9}},"type":"if","locations":[{"start":{"line":306,"column":8},"end":{"line":310,"column":9}},{"start":{"line":308,"column":15},"end":{"line":310,"column":9}}],"line":306},"21":{"loc":{"start":{"line":315,"column":0},"end":{"line":320,"column":1}},"type":"if","locations":[{"start":{"line":315,"column":0},"end":{"line":320,"column":1}},{"start":{},"end":{}}],"line":315},"22":{"loc":{"start":{"line":316,"column":17},"end":{"line":316,"column":41}},"type":"binary-expr","locations":[{"start":{"line":316,"column":17},"end":{"line":316,"column":33}},{"start":{"line":316,"column":37},"end":{"line":316,"column":41}}],"line":316}},"s":{"0":3,"1":3,"2":3,"3":3,"4":3,"5":3,"6":3,"7":3,"8":3,"9":3,"10":3,"11":3,"12":3,"13":3,"14":3,"15":3,"16":3,"17":3,"18":3,"19":3,"20":3,"21":3,"22":0,"23":3,"24":3,"25":3,"26":3,"27":3,"28":2,"29":2,"30":2,"31":0,"32":2,"33":2,"34":2,"35":0,"36":2,"37":0,"38":3,"39":2,"40":3,"41":6,"42":6,"43":6,"44":0,"45":6,"46":0,"47":6,"48":6,"49":6,"50":6,"51":6,"52":6,"53":0,"54":0,"55":0,"56":3,"57":0,"58":3,"59":2,"60":2,"61":0,"62":2,"63":0,"64":0,"65":0,"66":2,"67":2,"68":0,"69":2,"70":1,"71":1,"72":3,"73":0,"74":0,"75":0,"76":3,"77":2,"78":2,"79":2,"80":2,"81":1,"82":1,"83":3,"84":3,"85":3,"86":2,"87":3,"88":3,"89":0,"90":0,"91":3,"92":1,"93":0,"94":1,"95":1,"96":0,"97":1,"98":1,"99":3,"100":3,"101":1,"102":0,"103":1,"104":1,"105":1,"106":1,"107":1,"108":1,"109":0,"110":0,"111":3,"112":2,"113":2,"114":2,"115":2,"116":2,"117":0,"118":0,"119":3,"120":1,"121":1,"122":1,"123":1,"124":1,"125":0,"126":1,"127":0,"128":3,"129":2,"130":2,"131":2,"132":2,"133":1,"134":1,"135":1,"136":1,"137":1,"138":1,"139":0,"140":1,"141":0,"142":3,"143":0,"144":3,"145":0,"146":3,"147":0,"148":3,"149":0,"150":3,"151":0,"152":3,"153":0,"154":0,"155":0,"156":0,"157":0,"158":0,"159":3,"160":0,"161":0,"162":0,"163":3},"f":{"0":0,"1":2,"2":2,"3":6,"4":6,"5":0,"6":2,"7":2,"8":2,"9":0,"10":2,"11":2,"12":0,"13":1,"14":1,"15":1,"16":2,"17":1,"18":2,"19":0,"20":0,"21":0,"22":0,"23":0,"24":0,"25":0,"26":0},"b":{"0":[0,2],"1":[0,2],"2":[0,6],"3":[6,0],"4":[0,0],"5":[0,2],"6":[0,2],"7":[0,0],"8":[0,2],"9":[1,1],"10":[0,0],"11":[1,1],"12":[0,1],"13":[1,1],"14":[0,1],"15":[0,1],"16":[0,1],"17":[1,1],"18":[1,0],"19":[0,0],"20":[0,0],"21":[0,3],"22":[0,0]},"_coverageSchema":"1a1c01bbd47fc00a2c39e90264f33305004495a9","hash":"f976c281c2d03cb7a19082cb5cf28bbca4125f50"}
}
