TN:
SF:app.js
FN:55,(anonymous_0)
FN:77,(anonymous_1)
FN:81,(anonymous_2)
FN:94,ensureAuthenticated
FN:107,(anonymous_4)
FN:112,(anonymous_5)
FN:114,(anonymous_6)
FN:120,(anonymous_7)
FN:130,(anonymous_8)
FN:135,(anonymous_9)
FN:161,(anonymous_10)
FN:173,(anonymous_11)
FN:180,(anonymous_12)
FN:192,(anonymous_13)
FN:199,(anonymous_14)
FN:225,(anonymous_15)
FN:237,(anonymous_16)
FN:259,(anonymous_17)
FN:287,(anonymous_18)
FNF:19
FNH:12
FNDA:2,(anonymous_0)
FNDA:2,(anonymous_1)
FNDA:3,(anonymous_2)
FNDA:3,ensureAuthenticated
FNDA:0,(anonymous_4)
FNDA:2,(anonymous_5)
FNDA:2,(anonymous_6)
FNDA:2,(anonymous_7)
FNDA:0,(anonymous_8)
FNDA:2,(anonymous_9)
FNDA:2,(anonymous_10)
FNDA:0,(anonymous_11)
FNDA:0,(anonymous_12)
FNDA:0,(anonymous_13)
FNDA:0,(anonymous_14)
FNDA:1,(anonymous_15)
FNDA:1,(anonymous_16)
FNDA:1,(anonymous_17)
FNDA:0,(anonymous_18)
DA:1,3
DA:2,3
DA:3,3
DA:4,3
DA:5,3
DA:6,3
DA:7,3
DA:8,3
DA:9,3
DA:10,3
DA:11,3
DA:12,3
DA:13,3
DA:14,3
DA:15,3
DA:16,3
DA:19,3
DA:22,3
DA:23,3
DA:26,3
DA:34,3
DA:37,3
DA:40,3
DA:47,3
DA:48,3
DA:51,3
DA:54,3
DA:56,2
DA:57,2
DA:58,2
DA:59,0
DA:60,0
DA:62,2
DA:63,2
DA:64,2
DA:65,0
DA:66,0
DA:68,2
DA:69,2
DA:71,0
DA:72,0
DA:77,3
DA:78,2
DA:81,3
DA:82,3
DA:83,3
DA:84,3
DA:85,0
DA:87,3
DA:89,0
DA:95,3
DA:96,3
DA:97,3
DA:98,3
DA:99,3
DA:100,3
DA:102,0
DA:103,0
DA:107,3
DA:108,0
DA:112,3
DA:113,2
DA:114,2
DA:115,2
DA:116,2
DA:117,0
DA:118,0
DA:120,2
DA:121,2
DA:122,2
DA:123,2
DA:124,2
DA:130,3
DA:131,0
DA:135,3
DA:136,2
DA:137,2
DA:138,2
DA:139,2
DA:143,3
DA:158,3
DA:161,3
DA:162,2
DA:166,3
DA:173,3
DA:174,0
DA:175,0
DA:179,3
DA:181,0
DA:182,0
DA:183,0
DA:184,0
DA:186,0
DA:187,0
DA:188,0
DA:190,0
DA:193,0
DA:196,3
DA:199,3
DA:200,0
DA:201,0
DA:202,0
DA:203,0
DA:204,0
DA:205,0
DA:208,0
DA:209,0
DA:210,0
DA:211,0
DA:214,0
DA:215,0
DA:216,0
DA:218,0
DA:219,0
DA:225,3
DA:226,1
DA:227,1
DA:228,1
DA:229,1
DA:231,0
DA:232,0
DA:237,3
DA:238,1
DA:239,1
DA:241,1
DA:242,1
DA:243,1
DA:245,1
DA:246,1
DA:247,1
DA:250,0
DA:251,0
DA:253,0
DA:254,0
DA:259,3
DA:260,1
DA:261,1
DA:262,1
DA:263,1
DA:264,1
DA:265,0
DA:266,0
DA:268,0
DA:269,0
DA:270,0
DA:271,0
DA:273,0
DA:276,1
DA:279,0
DA:285,3
DA:286,0
DA:287,0
DA:288,0
DA:292,3
LF:154
LH:97
BRDA:58,0,0,0
BRDA:58,0,1,2
BRDA:64,1,0,0
BRDA:64,1,1,2
BRDA:84,2,0,0
BRDA:84,2,1,3
BRDA:98,3,0,3
BRDA:98,3,1,0
BRDA:115,4,0,0
BRDA:115,4,1,2
BRDA:116,5,0,0
BRDA:116,5,1,2
BRDA:121,6,0,0
BRDA:121,6,1,2
BRDA:182,7,0,0
BRDA:182,7,1,0
BRDA:182,8,0,0
BRDA:182,8,1,0
BRDA:187,9,0,0
BRDA:187,9,1,0
BRDA:203,10,0,0
BRDA:203,10,1,0
BRDA:245,11,0,1
BRDA:245,11,1,0
BRDA:264,12,0,0
BRDA:264,12,1,1
BRDA:268,13,0,0
BRDA:268,13,1,0
BRDA:285,14,0,0
BRDA:285,14,1,3
BRDA:286,15,0,0
BRDA:286,15,1,0
BRF:32
BRH:10
end_of_record
