TN:
SF:app.js
FN:46,(anonymous_0)
FN:68,(anonymous_1)
FN:72,(anonymous_2)
FN:85,ensureAuthenticated
FN:93,(anonymous_4)
FN:98,(anonymous_5)
FN:99,(anonymous_6)
FN:104,(anonymous_7)
FN:112,(anonymous_8)
FN:117,(anonymous_9)
FN:143,(anonymous_10)
FN:155,(anonymous_11)
FN:163,(anonymous_12)
FN:174,(anonymous_13)
FN:181,(anonymous_14)
FN:204,(anonymous_15)
FN:216,(anonymous_16)
FN:238,(anonymous_17)
FN:259,(anonymous_18)
FNF:19
FNH:12
FNDA:2,(anonymous_0)
FNDA:2,(anonymous_1)
FNDA:3,(anonymous_2)
FNDA:3,ensureAuthenticated
FNDA:0,(anonymous_4)
FNDA:2,(anonymous_5)
FNDA:2,(anonymous_6)
FNDA:2,(anonymous_7)
FNDA:0,(anonymous_8)
FNDA:2,(anonymous_9)
FNDA:2,(anonymous_10)
FNDA:0,(anonymous_11)
FNDA:0,(anonymous_12)
FNDA:0,(anonymous_13)
FNDA:0,(anonymous_14)
FNDA:1,(anonymous_15)
FNDA:1,(anonymous_16)
FNDA:1,(anonymous_17)
FNDA:0,(anonymous_18)
DA:1,3
DA:2,3
DA:3,3
DA:4,3
DA:5,3
DA:6,3
DA:7,3
DA:8,3
DA:9,3
DA:10,3
DA:11,3
DA:12,3
DA:13,3
DA:14,3
DA:17,3
DA:20,3
DA:21,3
DA:24,3
DA:27,3
DA:35,3
DA:41,3
DA:42,3
DA:45,3
DA:47,2
DA:48,2
DA:49,2
DA:50,0
DA:51,0
DA:53,2
DA:54,2
DA:55,2
DA:56,0
DA:57,0
DA:59,2
DA:60,2
DA:62,0
DA:63,0
DA:68,3
DA:69,2
DA:72,3
DA:73,3
DA:74,3
DA:75,3
DA:76,0
DA:78,3
DA:80,0
DA:86,3
DA:87,3
DA:89,0
DA:93,3
DA:94,0
DA:98,3
DA:99,2
DA:100,2
DA:101,2
DA:102,0
DA:104,2
DA:105,2
DA:106,2
DA:112,3
DA:113,0
DA:117,3
DA:118,2
DA:119,2
DA:120,2
DA:121,2
DA:125,3
DA:140,3
DA:143,3
DA:144,2
DA:148,3
DA:155,3
DA:156,0
DA:158,0
DA:162,3
DA:164,0
DA:165,0
DA:166,0
DA:168,0
DA:169,0
DA:170,0
DA:172,0
DA:175,0
DA:178,3
DA:181,3
DA:182,0
DA:183,0
DA:184,0
DA:185,0
DA:188,0
DA:189,0
DA:190,0
DA:191,0
DA:194,0
DA:195,0
DA:196,0
DA:198,0
DA:199,0
DA:204,3
DA:205,1
DA:206,1
DA:207,1
DA:208,1
DA:210,0
DA:211,0
DA:216,3
DA:217,1
DA:218,1
DA:220,1
DA:221,1
DA:222,1
DA:224,1
DA:225,1
DA:226,1
DA:229,0
DA:230,0
DA:232,0
DA:233,0
DA:238,3
DA:239,1
DA:240,1
DA:241,1
DA:242,1
DA:243,0
DA:244,0
DA:245,0
DA:246,0
DA:248,1
DA:251,0
DA:252,0
DA:257,3
DA:258,0
DA:259,0
DA:260,0
DA:264,3
LF:135
LH:85
BRDA:49,0,0,0
BRDA:49,0,1,2
BRDA:55,1,0,0
BRDA:55,1,1,2
BRDA:75,2,0,0
BRDA:75,2,1,3
BRDA:86,3,0,3
BRDA:86,3,1,0
BRDA:100,4,0,0
BRDA:100,4,1,2
BRDA:101,5,0,0
BRDA:101,5,1,2
BRDA:105,6,0,0
BRDA:105,6,1,2
BRDA:164,7,0,0
BRDA:164,7,1,0
BRDA:164,8,0,0
BRDA:164,8,1,0
BRDA:169,9,0,0
BRDA:169,9,1,0
BRDA:183,10,0,0
BRDA:183,10,1,0
BRDA:224,11,0,1
BRDA:224,11,1,0
BRDA:242,12,0,0
BRDA:242,12,1,1
BRDA:257,13,0,0
BRDA:257,13,1,3
BRDA:258,14,0,0
BRDA:258,14,1,0
BRF:30
BRH:10
end_of_record
